./Account
[2022119_03851] index:0;amount:42;created
[2022119_03851] index:1;amount:54;created
[2022119_03851] index:2;amount:957;created
[2022119_03851] index:3;amount:432;created
[2022119_03851] index:4;amount:1234;created
[2022119_03851] index:5;amount:0;created
[2022119_03851] index:6;amount:754;created
[2022119_03851] index:7;amount:16576;created
[2022119_03851] accounts:8;total:20049;deposits:0;withdrawals:0
[2022119_03851] index:0;amount:42;deposits:0;withdrawals:0
[2022119_03851] index:1;amount:54;deposits:0;withdrawals:0
[2022119_03851] index:2;amount:957;deposits:0;withdrawals:0
[2022119_03851] index:3;amount:432;deposits:0;withdrawals:0
[2022119_03851] index:4;amount:1234;deposits:0;withdrawals:0
[2022119_03851] index:5;amount:0;deposits:0;withdrawals:0
[2022119_03851] index:6;amount:754;deposits:0;withdrawals:0
[2022119_03851] index:7;amount:16576;deposits:0;withdrawals:0
[2022119_03851] index:0;pamount:42;deposits:5;amount:47;nb_deposits:1
[2022119_03851] index:1;pamount:54;deposits:765;amount:819;nb_deposits:1
[2022119_03851] index:2;pamount:957;deposits:564;amount:1521;nb_deposits:1
[2022119_03851] index:3;pamount:432;deposits:2;amount:434;nb_deposits:1
[2022119_03851] index:4;pamount:1234;deposits:87;amount:1321;nb_deposits:1
[2022119_03851] index:5;pamount:0;deposits:23;amount:23;nb_deposits:1
[2022119_03851] index:6;pamount:754;deposits:9;amount:763;nb_deposits:1
[2022119_03851] index:7;pamount:16576;deposits:20;amount:16596;nb_deposits:1
[2022119_03851] accounts:8;total:21524;deposits:8;withdrawals:0
[2022119_03851] index:0;amount:47;deposits:1;withdrawals:0
[2022119_03851] index:1;amount:819;deposits:1;withdrawals:0
[2022119_03851] index:2;amount:1521;deposits:1;withdrawals:0
[2022119_03851] index:3;amount:434;deposits:1;withdrawals:0
[2022119_03851] index:4;amount:1321;deposits:1;withdrawals:0
[2022119_03851] index:5;amount:23;deposits:1;withdrawals:0
[2022119_03851] index:6;amount:763;deposits:1;withdrawals:0
[2022119_03851] index:7;amount:16596;deposits:1;withdrawals:0
[2022119_03851] index:0;pamount:47;withdrawal:refused
[2022119_03851] index:1;pamount:819withdrawal:34;amount:785;nb_withdrawals:1
[2022119_03851] index:2;pamount:1521withdrawal:657;amount:864;nb_withdrawals:1
[2022119_03851] index:3;pamount:434withdrawal:4;amount:430;nb_withdrawals:1
[2022119_03851] index:4;pamount:1321withdrawal:76;amount:1245;nb_withdrawals:1
[2022119_03851] index:5;pamount:23;withdrawal:refused
[2022119_03851] index:6;pamount:763withdrawal:657;amount:106;nb_withdrawals:1
[2022119_03851] index:7;pamount:16596withdrawal:7654;amount:8942;nb_withdrawals:1
[2022119_03851] accounts:8;total:12442;deposits:8;withdrawals:6
[2022119_03851] index:0;amount:47;deposits:1;withdrawals:0
[2022119_03851] index:1;amount:785;deposits:1;withdrawals:1
[2022119_03851] index:2;amount:864;deposits:1;withdrawals:1
[2022119_03851] index:3;amount:430;deposits:1;withdrawals:1
[2022119_03851] index:4;amount:1245;deposits:1;withdrawals:1
[2022119_03851] index:5;amount:23;deposits:1;withdrawals:0
[2022119_03851] index:6;amount:106;deposits:1;withdrawals:1
[2022119_03851] index:7;amount:8942;deposits:1;withdrawals:1
[2022119_03851] index:7;amount:8942;closed
[2022119_03851] index:6;amount:106;closed
[2022119_03851] index:5;amount:23;closed
[2022119_03851] index:4;amount:1245;closed
[2022119_03851] index:3;amount:430;closed
[2022119_03851] index:2;amount:864;closed
[2022119_03851] index:1;amount:785;closed
[2022119_03851] index:0;amount:47;closed
                                                                                                    [ 1/2 (50%) ] Compiling [0;94mtests.cpp[0;39m...                                                                                                    [ 2/2 (100%) ] Compiling [0;94mAccount.cpp[0;39m...                                                                                                    [0;92mAccount is up to date![0;39m
./Account
[20221109_004748] index:0;amount:42;created
[20221109_004748] index:1;amount:54;created
[20221109_004748] index:2;amount:957;created
[20221109_004748] index:3;amount:432;created
[20221109_004748] index:4;amount:1234;created
[20221109_004748] index:5;amount:0;created
[20221109_004748] index:6;amount:754;created
[20221109_004748] index:7;amount:16576;created
[20221109_004748] accounts:8;total:20049;deposits:0;withdrawals:0
[20221109_004748] index:0;amount:42;deposits:0;withdrawals:0
[20221109_004748] index:1;amount:54;deposits:0;withdrawals:0
[20221109_004748] index:2;amount:957;deposits:0;withdrawals:0
[20221109_004748] index:3;amount:432;deposits:0;withdrawals:0
[20221109_004748] index:4;amount:1234;deposits:0;withdrawals:0
[20221109_004748] index:5;amount:0;deposits:0;withdrawals:0
[20221109_004748] index:6;amount:754;deposits:0;withdrawals:0
[20221109_004748] index:7;amount:16576;deposits:0;withdrawals:0
[20221109_004748] index:0;pamount:42;deposits:5;amount:47;nb_deposits:1
[20221109_004748] index:1;pamount:54;deposits:765;amount:819;nb_deposits:1
[20221109_004748] index:2;pamount:957;deposits:564;amount:1521;nb_deposits:1
[20221109_004748] index:3;pamount:432;deposits:2;amount:434;nb_deposits:1
[20221109_004748] index:4;pamount:1234;deposits:87;amount:1321;nb_deposits:1
[20221109_004748] index:5;pamount:0;deposits:23;amount:23;nb_deposits:1
[20221109_004748] index:6;pamount:754;deposits:9;amount:763;nb_deposits:1
[20221109_004748] index:7;pamount:16576;deposits:20;amount:16596;nb_deposits:1
[20221109_004748] accounts:8;total:21524;deposits:8;withdrawals:0
[20221109_004748] index:0;amount:47;deposits:1;withdrawals:0
[20221109_004748] index:1;amount:819;deposits:1;withdrawals:0
[20221109_004748] index:2;amount:1521;deposits:1;withdrawals:0
[20221109_004748] index:3;amount:434;deposits:1;withdrawals:0
[20221109_004748] index:4;amount:1321;deposits:1;withdrawals:0
[20221109_004748] index:5;amount:23;deposits:1;withdrawals:0
[20221109_004748] index:6;amount:763;deposits:1;withdrawals:0
[20221109_004748] index:7;amount:16596;deposits:1;withdrawals:0
[20221109_004748] index:0;pamount:47;withdrawal:refused
[20221109_004748] index:1;pamount:819withdrawal:34;amount:785;nb_withdrawals:1
[20221109_004748] index:2;pamount:1521withdrawal:657;amount:864;nb_withdrawals:1
[20221109_004748] index:3;pamount:434withdrawal:4;amount:430;nb_withdrawals:1
[20221109_004748] index:4;pamount:1321withdrawal:76;amount:1245;nb_withdrawals:1
[20221109_004748] index:5;pamount:23;withdrawal:refused
[20221109_004748] index:6;pamount:763withdrawal:657;amount:106;nb_withdrawals:1
[20221109_004748] index:7;pamount:16596withdrawal:7654;amount:8942;nb_withdrawals:1
[20221109_004748] accounts:8;total:12442;deposits:8;withdrawals:6
[20221109_004748] index:0;amount:47;deposits:1;withdrawals:0
[20221109_004748] index:1;amount:785;deposits:1;withdrawals:1
[20221109_004748] index:2;amount:864;deposits:1;withdrawals:1
[20221109_004748] index:3;amount:430;deposits:1;withdrawals:1
[20221109_004748] index:4;amount:1245;deposits:1;withdrawals:1
[20221109_004748] index:5;amount:23;deposits:1;withdrawals:0
[20221109_004748] index:6;amount:106;deposits:1;withdrawals:1
[20221109_004748] index:7;amount:8942;deposits:1;withdrawals:1
[20221109_004748] index:7;amount:8942;closed
[20221109_004748] index:6;amount:106;closed
[20221109_004748] index:5;amount:23;closed
[20221109_004748] index:4;amount:1245;closed
[20221109_004748] index:3;amount:430;closed
[20221109_004748] index:2;amount:864;closed
[20221109_004748] index:1;amount:785;closed
[20221109_004748] index:0;amount:47;closed
                                                                                                    [ 1/2 (50%) ] Compiling [0;94mAccount.cpp[0;39m...                                                                                                    [0;92mAccount is up to date![0;39m
./Account
[20221209_010517] index:0;amount:42;created
[20221209_010517] index:1;amount:54;created
[20221209_010517] index:2;amount:957;created
[20221209_010517] index:3;amount:432;created
[20221209_010517] index:4;amount:1234;created
[20221209_010517] index:5;amount:0;created
[20221209_010517] index:6;amount:754;created
[20221209_010517] index:7;amount:16576;created
[20221209_010517] accounts:8;total:20049;deposits:0;withdrawals:0
[20221209_010517] index:0;amount:42;deposits:0;withdrawals:0
[20221209_010517] index:1;amount:54;deposits:0;withdrawals:0
[20221209_010517] index:2;amount:957;deposits:0;withdrawals:0
[20221209_010517] index:3;amount:432;deposits:0;withdrawals:0
[20221209_010517] index:4;amount:1234;deposits:0;withdrawals:0
[20221209_010517] index:5;amount:0;deposits:0;withdrawals:0
[20221209_010517] index:6;amount:754;deposits:0;withdrawals:0
[20221209_010517] index:7;amount:16576;deposits:0;withdrawals:0
[20221209_010517] index:0;pamount:42;deposits:5;amount:47;nb_deposits:1
[20221209_010517] index:1;pamount:54;deposits:765;amount:819;nb_deposits:1
[20221209_010517] index:2;pamount:957;deposits:564;amount:1521;nb_deposits:1
[20221209_010517] index:3;pamount:432;deposits:2;amount:434;nb_deposits:1
[20221209_010517] index:4;pamount:1234;deposits:87;amount:1321;nb_deposits:1
[20221209_010517] index:5;pamount:0;deposits:23;amount:23;nb_deposits:1
[20221209_010517] index:6;pamount:754;deposits:9;amount:763;nb_deposits:1
[20221209_010517] index:7;pamount:16576;deposits:20;amount:16596;nb_deposits:1
[20221209_010517] accounts:8;total:21524;deposits:8;withdrawals:0
[20221209_010517] index:0;amount:47;deposits:1;withdrawals:0
[20221209_010517] index:1;amount:819;deposits:1;withdrawals:0
[20221209_010517] index:2;amount:1521;deposits:1;withdrawals:0
[20221209_010517] index:3;amount:434;deposits:1;withdrawals:0
[20221209_010517] index:4;amount:1321;deposits:1;withdrawals:0
[20221209_010517] index:5;amount:23;deposits:1;withdrawals:0
[20221209_010517] index:6;amount:763;deposits:1;withdrawals:0
[20221209_010517] index:7;amount:16596;deposits:1;withdrawals:0
[20221209_010517] index:0;pamount:47;withdrawal:refused
[20221209_010517] index:1;pamount:819withdrawal:34;amount:785;nb_withdrawals:1
[20221209_010517] index:2;pamount:1521withdrawal:657;amount:864;nb_withdrawals:1
[20221209_010517] index:3;pamount:434withdrawal:4;amount:430;nb_withdrawals:1
[20221209_010517] index:4;pamount:1321withdrawal:76;amount:1245;nb_withdrawals:1
[20221209_010517] index:5;pamount:23;withdrawal:refused
[20221209_010517] index:6;pamount:763withdrawal:657;amount:106;nb_withdrawals:1
[20221209_010517] index:7;pamount:16596withdrawal:7654;amount:8942;nb_withdrawals:1
[20221209_010517] accounts:8;total:12442;deposits:8;withdrawals:6
[20221209_010517] index:0;amount:47;deposits:1;withdrawals:0
[20221209_010517] index:1;amount:785;deposits:1;withdrawals:1
[20221209_010517] index:2;amount:864;deposits:1;withdrawals:1
[20221209_010517] index:3;amount:430;deposits:1;withdrawals:1
[20221209_010517] index:4;amount:1245;deposits:1;withdrawals:1
[20221209_010517] index:5;amount:23;deposits:1;withdrawals:0
[20221209_010517] index:6;amount:106;deposits:1;withdrawals:1
[20221209_010517] index:7;amount:8942;deposits:1;withdrawals:1
[20221209_010517] index:7;amount:8942;closed
[20221209_010517] index:6;amount:106;closed
[20221209_010517] index:5;amount:23;closed
[20221209_010517] index:4;amount:1245;closed
[20221209_010517] index:3;amount:430;closed
[20221209_010517] index:2;amount:864;closed
[20221209_010517] index:1;amount:785;closed
[20221209_010517] index:0;amount:47;closed
./Account
[20221209_010549] index:0;amount:42;created
[20221209_010549] index:1;amount:54;created
[20221209_010549] index:2;amount:957;created
[20221209_010549] index:3;amount:432;created
[20221209_010549] index:4;amount:1234;created
[20221209_010549] index:5;amount:0;created
[20221209_010549] index:6;amount:754;created
[20221209_010549] index:7;amount:16576;created
[20221209_010549] accounts:8;total:20049;deposits:0;withdrawals:0
[20221209_010549] index:0;amount:42;deposits:0;withdrawals:0
[20221209_010549] index:1;amount:54;deposits:0;withdrawals:0
[20221209_010549] index:2;amount:957;deposits:0;withdrawals:0
[20221209_010549] index:3;amount:432;deposits:0;withdrawals:0
[20221209_010549] index:4;amount:1234;deposits:0;withdrawals:0
[20221209_010549] index:5;amount:0;deposits:0;withdrawals:0
[20221209_010549] index:6;amount:754;deposits:0;withdrawals:0
[20221209_010549] index:7;amount:16576;deposits:0;withdrawals:0
[20221209_010549] index:0;pamount:42;deposits:5;amount:47;nb_deposits:1
[20221209_010549] index:1;pamount:54;deposits:765;amount:819;nb_deposits:1
[20221209_010549] index:2;pamount:957;deposits:564;amount:1521;nb_deposits:1
[20221209_010549] index:3;pamount:432;deposits:2;amount:434;nb_deposits:1
[20221209_010549] index:4;pamount:1234;deposits:87;amount:1321;nb_deposits:1
[20221209_010549] index:5;pamount:0;deposits:23;amount:23;nb_deposits:1
[20221209_010549] index:6;pamount:754;deposits:9;amount:763;nb_deposits:1
[20221209_010549] index:7;pamount:16576;deposits:20;amount:16596;nb_deposits:1
[20221209_010549] accounts:8;total:21524;deposits:8;withdrawals:0
[20221209_010549] index:0;amount:47;deposits:1;withdrawals:0
[20221209_010549] index:1;amount:819;deposits:1;withdrawals:0
[20221209_010549] index:2;amount:1521;deposits:1;withdrawals:0
[20221209_010549] index:3;amount:434;deposits:1;withdrawals:0
[20221209_010549] index:4;amount:1321;deposits:1;withdrawals:0
[20221209_010549] index:5;amount:23;deposits:1;withdrawals:0
[20221209_010549] index:6;amount:763;deposits:1;withdrawals:0
[20221209_010549] index:7;amount:16596;deposits:1;withdrawals:0
[20221209_010549] index:0;pamount:47;withdrawal:refused
[20221209_010549] index:1;pamount:819withdrawal:34;amount:785;nb_withdrawals:1
[20221209_010549] index:2;pamount:1521withdrawal:657;amount:864;nb_withdrawals:1
[20221209_010549] index:3;pamount:434withdrawal:4;amount:430;nb_withdrawals:1
[20221209_010549] index:4;pamount:1321withdrawal:76;amount:1245;nb_withdrawals:1
[20221209_010549] index:5;pamount:23;withdrawal:refused
[20221209_010549] index:6;pamount:763withdrawal:657;amount:106;nb_withdrawals:1
[20221209_010549] index:7;pamount:16596withdrawal:7654;amount:8942;nb_withdrawals:1
[20221209_010549] accounts:8;total:12442;deposits:8;withdrawals:6
[20221209_010549] index:0;amount:47;deposits:1;withdrawals:0
[20221209_010549] index:1;amount:785;deposits:1;withdrawals:1
[20221209_010549] index:2;amount:864;deposits:1;withdrawals:1
[20221209_010549] index:3;amount:430;deposits:1;withdrawals:1
[20221209_010549] index:4;amount:1245;deposits:1;withdrawals:1
[20221209_010549] index:5;amount:23;deposits:1;withdrawals:0
[20221209_010549] index:6;amount:106;deposits:1;withdrawals:1
[20221209_010549] index:7;amount:8942;deposits:1;withdrawals:1
[20221209_010549] index:7;amount:8942;closed
[20221209_010549] index:6;amount:106;closed
[20221209_010549] index:5;amount:23;closed
[20221209_010549] index:4;amount:1245;closed
[20221209_010549] index:3;amount:430;closed
[20221209_010549] index:2;amount:864;closed
[20221209_010549] index:1;amount:785;closed
[20221209_010549] index:0;amount:47;closed
